<?xml version="1.0" encoding="UTF-8"?>
<!-- Generated by org.testng.reporters.JUnitReportReporter -->
<testsuite hostname="paresh-PC" name="com.clearTrip.tests.testHomePage" tests="1" failures="0" timestamp="22 Jul 2019 18:32:55 GMT" time="34.159" errors="0">
  <testcase name="flightBook" time="34.159" classname="com.clearTrip.tests.testHomePage"/>
</testsuite> <!-- com.clearTrip.tests.testHomePage -->
