<?xml version="1.0" encoding="UTF-8"?>
<!-- Generated by org.testng.reporters.JUnitReportReporter -->
<testsuite hostname="paresh-PC" name="com.clearTrip.tests.searchResultTest" tests="1" failures="0" timestamp="19 Jul 2019 15:36:04 GMT" time="38.752" errors="0">
  <testcase name="f" time="38.752" classname="com.clearTrip.tests.searchResultTest"/>
</testsuite> <!-- com.clearTrip.tests.searchResultTest -->
