<?xml version="1.0" encoding="UTF-8"?>
<!-- Generated by org.testng.reporters.JUnitReportReporter -->
<testsuite hostname="paresh-PC" name="com.clearTrip.tests.searchResultTest" tests="1" failures="0" timestamp="22 Jul 2019 19:18:31 GMT" time="42.439" errors="0">
  <testcase name="f" time="42.439" classname="com.clearTrip.tests.searchResultTest"/>
</testsuite> <!-- com.clearTrip.tests.searchResultTest -->
